2018-01-26 13:45:24 [ main:0 ] - [ INFO ] now starting server
2018-01-26 13:45:24 [ main:8 ] - [ DEBUG ] Using SLF4J as the default logging framework
2018-01-26 13:45:24 [ main:15 ] - [ DEBUG ] -Dio.netty.eventLoopThreads: 16
2018-01-26 13:45:24 [ main:42 ] - [ DEBUG ] java.nio.Buffer.address: available
2018-01-26 13:45:24 [ main:43 ] - [ DEBUG ] sun.misc.Unsafe.theUnsafe: available
2018-01-26 13:45:24 [ main:43 ] - [ DEBUG ] sun.misc.Unsafe.copyMemory: available
2018-01-26 13:45:24 [ main:43 ] - [ DEBUG ] direct buffer constructor: available
2018-01-26 13:45:24 [ main:44 ] - [ DEBUG ] java.nio.Bits.unaligned: available, true
2018-01-26 13:45:24 [ main:44 ] - [ DEBUG ] java.nio.DirectByteBuffer.<init>(long, int): available
2018-01-26 13:45:24 [ main:45 ] - [ DEBUG ] java.nio.ByteBuffer.cleaner(): available
2018-01-26 13:45:24 [ main:45 ] - [ DEBUG ] Platform: Windows
2018-01-26 13:45:24 [ main:46 ] - [ DEBUG ] Java version: 8
2018-01-26 13:45:24 [ main:46 ] - [ DEBUG ] -Dio.netty.noUnsafe: false
2018-01-26 13:45:24 [ main:46 ] - [ DEBUG ] sun.misc.Unsafe: available
2018-01-26 13:45:24 [ main:46 ] - [ DEBUG ] -Dio.netty.noJavassist: false
2018-01-26 13:45:24 [ main:47 ] - [ DEBUG ] Javassist: unavailable
2018-01-26 13:45:24 [ main:47 ] - [ DEBUG ] You don't have Javassist in your class path or you don't have enough permission to load dynamically generated classes.  Please check the configuration for better performance.
2018-01-26 13:45:24 [ main:47 ] - [ DEBUG ] -Dio.netty.tmpdir: C:\Users\admin\AppData\Local\Temp (java.io.tmpdir)
2018-01-26 13:45:24 [ main:47 ] - [ DEBUG ] -Dio.netty.bitMode: 64 (sun.arch.data.model)
2018-01-26 13:45:24 [ main:47 ] - [ DEBUG ] -Dio.netty.noPreferDirect: false
2018-01-26 13:45:24 [ main:47 ] - [ DEBUG ] io.netty.maxDirectMemory: 1895825408 bytes
2018-01-26 13:45:24 [ main:64 ] - [ DEBUG ] -Dio.netty.noKeySetOptimization: false
2018-01-26 13:45:24 [ main:64 ] - [ DEBUG ] -Dio.netty.selectorAutoRebuildThreshold: 512
2018-01-26 13:45:24 [ main:66 ] - [ DEBUG ] org.jctools-core.MpscChunkedArrayQueue: available
2018-01-26 13:45:24 [ main:184 ] - [ DEBUG ] -Dio.netty.processId: 13668 (auto-detected)
2018-01-26 13:45:24 [ main:186 ] - [ DEBUG ] -Djava.net.preferIPv4Stack: false
2018-01-26 13:45:24 [ main:186 ] - [ DEBUG ] -Djava.net.preferIPv6Addresses: false
2018-01-26 13:45:24 [ main:198 ] - [ DEBUG ] Loopback interface: lo (Software Loopback Interface 1, 127.0.0.1)
2018-01-26 13:45:24 [ main:199 ] - [ DEBUG ] \proc\sys\net\core\somaxconn: 200 (non-existent)
2018-01-26 13:45:24 [ main:211 ] - [ DEBUG ] -Dio.netty.machineId: 00:00:00:00:00:00:00:e0 (auto-detected)
2018-01-26 13:45:24 [ main:212 ] - [ DEBUG ] -Dio.netty.initialSeedUniquifier: 0xe80fe1e83a6feb1c
2018-01-26 13:45:24 [ main:222 ] - [ DEBUG ] -Dio.netty.leakDetection.level: simple
2018-01-26 13:45:24 [ main:222 ] - [ DEBUG ] -Dio.netty.leakDetection.maxRecords: 4
2018-01-26 13:45:24 [ main:239 ] - [ DEBUG ] -Dio.netty.allocator.numHeapArenas: 16
2018-01-26 13:45:24 [ main:239 ] - [ DEBUG ] -Dio.netty.allocator.numDirectArenas: 16
2018-01-26 13:45:24 [ main:239 ] - [ DEBUG ] -Dio.netty.allocator.pageSize: 8192
2018-01-26 13:45:24 [ main:239 ] - [ DEBUG ] -Dio.netty.allocator.maxOrder: 11
2018-01-26 13:45:24 [ main:239 ] - [ DEBUG ] -Dio.netty.allocator.chunkSize: 16777216
2018-01-26 13:45:24 [ main:240 ] - [ DEBUG ] -Dio.netty.allocator.tinyCacheSize: 512
2018-01-26 13:45:24 [ main:240 ] - [ DEBUG ] -Dio.netty.allocator.smallCacheSize: 256
2018-01-26 13:45:24 [ main:240 ] - [ DEBUG ] -Dio.netty.allocator.normalCacheSize: 64
2018-01-26 13:45:24 [ main:240 ] - [ DEBUG ] -Dio.netty.allocator.maxCachedBufferCapacity: 32768
2018-01-26 13:45:24 [ main:240 ] - [ DEBUG ] -Dio.netty.allocator.cacheTrimInterval: 8192
2018-01-26 13:45:24 [ main:251 ] - [ DEBUG ] -Dio.netty.allocator.type: pooled
2018-01-26 13:45:24 [ main:251 ] - [ DEBUG ] -Dio.netty.threadLocalDirectBufferSize: 65536
2018-01-26 13:45:24 [ main:251 ] - [ DEBUG ] -Dio.netty.maxThreadLocalCharBufferSize: 16384
2018-01-26 13:45:45 [ main:0 ] - [ INFO ] now -----------------------
2018-01-26 13:45:45 [ main:9 ] - [ DEBUG ] Using SLF4J as the default logging framework
2018-01-26 13:45:45 [ main:14 ] - [ DEBUG ] -Dio.netty.eventLoopThreads: 16
2018-01-26 13:45:45 [ main:52 ] - [ DEBUG ] java.nio.Buffer.address: available
2018-01-26 13:45:45 [ main:52 ] - [ DEBUG ] sun.misc.Unsafe.theUnsafe: available
2018-01-26 13:45:45 [ main:53 ] - [ DEBUG ] sun.misc.Unsafe.copyMemory: available
2018-01-26 13:45:45 [ main:54 ] - [ DEBUG ] direct buffer constructor: available
2018-01-26 13:45:45 [ main:55 ] - [ DEBUG ] java.nio.Bits.unaligned: available, true
2018-01-26 13:45:45 [ main:55 ] - [ DEBUG ] java.nio.DirectByteBuffer.<init>(long, int): available
2018-01-26 13:45:45 [ main:56 ] - [ DEBUG ] java.nio.ByteBuffer.cleaner(): available
2018-01-26 13:45:45 [ main:57 ] - [ DEBUG ] Platform: Windows
2018-01-26 13:45:45 [ main:57 ] - [ DEBUG ] Java version: 8
2018-01-26 13:45:45 [ main:57 ] - [ DEBUG ] -Dio.netty.noUnsafe: false
2018-01-26 13:45:45 [ main:57 ] - [ DEBUG ] sun.misc.Unsafe: available
2018-01-26 13:45:45 [ main:58 ] - [ DEBUG ] -Dio.netty.noJavassist: false
2018-01-26 13:45:45 [ main:58 ] - [ DEBUG ] Javassist: unavailable
2018-01-26 13:45:45 [ main:59 ] - [ DEBUG ] You don't have Javassist in your class path or you don't have enough permission to load dynamically generated classes.  Please check the configuration for better performance.
2018-01-26 13:45:45 [ main:59 ] - [ DEBUG ] -Dio.netty.tmpdir: C:\Users\admin\AppData\Local\Temp (java.io.tmpdir)
2018-01-26 13:45:45 [ main:59 ] - [ DEBUG ] -Dio.netty.bitMode: 64 (sun.arch.data.model)
2018-01-26 13:45:45 [ main:59 ] - [ DEBUG ] -Dio.netty.noPreferDirect: false
2018-01-26 13:45:45 [ main:59 ] - [ DEBUG ] io.netty.maxDirectMemory: 1895825408 bytes
2018-01-26 13:45:45 [ main:76 ] - [ DEBUG ] -Dio.netty.noKeySetOptimization: false
2018-01-26 13:45:45 [ main:76 ] - [ DEBUG ] -Dio.netty.selectorAutoRebuildThreshold: 512
2018-01-26 13:45:45 [ main:77 ] - [ DEBUG ] org.jctools-core.MpscChunkedArrayQueue: available
2018-01-26 13:45:46 [ main:197 ] - [ DEBUG ] -Dio.netty.processId: 15316 (auto-detected)
2018-01-26 13:45:46 [ main:199 ] - [ DEBUG ] -Djava.net.preferIPv4Stack: false
2018-01-26 13:45:46 [ main:199 ] - [ DEBUG ] -Djava.net.preferIPv6Addresses: false
2018-01-26 13:45:46 [ main:208 ] - [ DEBUG ] Loopback interface: lo (Software Loopback Interface 1, 127.0.0.1)
2018-01-26 13:45:46 [ main:209 ] - [ DEBUG ] \proc\sys\net\core\somaxconn: 200 (non-existent)
2018-01-26 13:45:46 [ main:221 ] - [ DEBUG ] -Dio.netty.machineId: 00:00:00:00:00:00:00:e0 (auto-detected)
2018-01-26 13:45:46 [ main:222 ] - [ DEBUG ] -Dio.netty.initialSeedUniquifier: 0x779364e74cead6eb
2018-01-26 13:45:46 [ main:231 ] - [ DEBUG ] -Dio.netty.leakDetection.level: simple
2018-01-26 13:45:46 [ main:231 ] - [ DEBUG ] -Dio.netty.leakDetection.maxRecords: 4
2018-01-26 13:45:46 [ main:250 ] - [ DEBUG ] -Dio.netty.allocator.numHeapArenas: 16
2018-01-26 13:45:46 [ main:250 ] - [ DEBUG ] -Dio.netty.allocator.numDirectArenas: 16
2018-01-26 13:45:46 [ main:250 ] - [ DEBUG ] -Dio.netty.allocator.pageSize: 8192
2018-01-26 13:45:46 [ main:250 ] - [ DEBUG ] -Dio.netty.allocator.maxOrder: 11
2018-01-26 13:45:46 [ main:251 ] - [ DEBUG ] -Dio.netty.allocator.chunkSize: 16777216
2018-01-26 13:45:46 [ main:251 ] - [ DEBUG ] -Dio.netty.allocator.tinyCacheSize: 512
2018-01-26 13:45:46 [ main:251 ] - [ DEBUG ] -Dio.netty.allocator.smallCacheSize: 256
2018-01-26 13:45:46 [ main:251 ] - [ DEBUG ] -Dio.netty.allocator.normalCacheSize: 64
2018-01-26 13:45:46 [ main:251 ] - [ DEBUG ] -Dio.netty.allocator.maxCachedBufferCapacity: 32768
2018-01-26 13:45:46 [ main:251 ] - [ DEBUG ] -Dio.netty.allocator.cacheTrimInterval: 8192
2018-01-26 13:45:46 [ main:260 ] - [ DEBUG ] -Dio.netty.allocator.type: pooled
2018-01-26 13:45:46 [ main:260 ] - [ DEBUG ] -Dio.netty.threadLocalDirectBufferSize: 65536
2018-01-26 13:45:46 [ main:260 ] - [ DEBUG ] -Dio.netty.maxThreadLocalCharBufferSize: 16384
2018-01-26 13:46:01 [ main:0 ] - [ INFO ] now -----------------------
